<?xml version="1.0" encoding="UTF-8" ?>
<testsuite tests="4" failures="0" name="com.microsoft.java.debug.core.adapter.formatter.NullObjectFormatterTest" time="0.098" errors="0" skipped="0">
  <properties>
    <property name="java.runtime.name" value="OpenJDK Runtime Environment"/>
    <property name="java.vm.version" value="17.0.4+8-nixos"/>
    <property name="sun.boot.library.path" value="/nix/store/z0vdsvlkwvfwkmqx7nv9iqz6k2k9hbch-openjdk-17.0.4+8/lib/openjdk/lib"/>
    <property name="maven.multiModuleProjectDirectory" value="/home/rti/src/java-debug"/>
    <property name="java.vm.vendor" value="Oracle Corporation"/>
    <property name="java.vendor.url" value="https://openjdk.java.net/"/>
    <property name="guice.disable.misplaced.annotation.check" value="true"/>
    <property name="path.separator" value=":"/>
    <property name="java.vm.name" value="OpenJDK 64-Bit Server VM"/>
    <property name="user.country" value="US"/>
    <property name="sun.java.launcher" value="SUN_STANDARD"/>
    <property name="java.vm.specification.name" value="Java Virtual Machine Specification"/>
    <property name="user.dir" value="/home/rti/src/java-debug"/>
    <property name="java.vm.compressedOopsMode" value="Zero based"/>
    <property name="java.runtime.version" value="17.0.4+8-nixos"/>
    <property name="os.arch" value="amd64"/>
    <property name="java.io.tmpdir" value="/tmp"/>
    <property name="line.separator" value="
"/>
    <property name="java.vm.specification.vendor" value="Oracle Corporation"/>
    <property name="p2.userAgent" value="tycho/2.7.3"/>
    <property name="os.name" value="Linux"/>
    <property name="classworlds.conf" value="/nix/store/dmd96v6254grfy5wwqbwpiddr6l58vfv-apache-maven-3.8.6/maven/bin/m2.conf"/>
    <property name="sun.jnu.encoding" value="UTF-8"/>
    <property name="java.library.path" value=""/>
    <property name="maven.conf" value="/nix/store/dmd96v6254grfy5wwqbwpiddr6l58vfv-apache-maven-3.8.6/maven/conf"/>
    <property name="jdk.debug" value="release"/>
    <property name="java.class.version" value="61.0"/>
    <property name="java.specification.name" value="Java Platform API Specification"/>
    <property name="sun.management.compiler" value="HotSpot 64-Bit Tiered Compilers"/>
    <property name="os.version" value="5.15.70"/>
    <property name="library.jansi.path" value="/nix/store/dmd96v6254grfy5wwqbwpiddr6l58vfv-apache-maven-3.8.6/maven/lib/jansi-native"/>
    <property name="user.home" value="/home/rti"/>
    <property name="user.timezone" value="Europe/Berlin"/>
    <property name="file.encoding" value="UTF-8"/>
    <property name="java.specification.version" value="17"/>
    <property name="user.name" value="rti"/>
    <property name="java.class.path" value="/nix/store/dmd96v6254grfy5wwqbwpiddr6l58vfv-apache-maven-3.8.6/maven/boot/plexus-classworlds-2.6.0.jar"/>
    <property name="java.vm.specification.version" value="17"/>
    <property name="sun.arch.data.model" value="64"/>
    <property name="sun.java.command" value="org.codehaus.plexus.classworlds.launcher.Launcher clean install"/>
    <property name="java.home" value="/nix/store/z0vdsvlkwvfwkmqx7nv9iqz6k2k9hbch-openjdk-17.0.4+8/lib/openjdk"/>
    <property name="user.language" value="en"/>
    <property name="java.specification.vendor" value="Oracle Corporation"/>
    <property name="eclipse.p2.atomic.composite.loading.default" value="true"/>
    <property name="java.vm.info" value="mixed mode, sharing"/>
    <property name="java.version" value="17.0.4"/>
    <property name="native.encoding" value="UTF-8"/>
    <property name="java.vendor" value="N/A"/>
    <property name="sun.stderr.encoding" value="UTF-8"/>
    <property name="maven.home" value="/nix/store/dmd96v6254grfy5wwqbwpiddr6l58vfv-apache-maven-3.8.6/maven"/>
    <property name="file.separator" value="/"/>
    <property name="java.version.date" value="2022-07-19"/>
    <property name="osgi.framework.useSystemProperties" value="false"/>
    <property name="java.vendor.url.bug" value="https://bugreport.java.com/bugreport/"/>
    <property name="sun.io.unicode.encoding" value="UnicodeLittle"/>
    <property name="sun.cpu.endian" value="little"/>
    <property name="sun.stdout.encoding" value="UTF-8"/>
  </properties>
  <testcase classname="com.microsoft.java.debug.core.adapter.formatter.NullObjectFormatterTest" name="testAcceptType" time="0.094"/>
  <testcase classname="com.microsoft.java.debug.core.adapter.formatter.NullObjectFormatterTest" name="testToString" time="0"/>
  <testcase classname="com.microsoft.java.debug.core.adapter.formatter.NullObjectFormatterTest" name="testValueOf" time="0"/>
  <testcase classname="com.microsoft.java.debug.core.adapter.formatter.NullObjectFormatterTest" name="testValueOfNotSupported" time="0.004"/>
</testsuite>